2022-03-12 13:14:33 0 [Note] InnoDB: Mutexes and rw_locks use Windows interlocked functions
2022-03-12 13:14:33 0 [Note] InnoDB: Uses event mutexes
2022-03-12 13:14:33 0 [Note] InnoDB: Compressed tables use zlib 1.2.11
2022-03-12 13:14:33 0 [Note] InnoDB: Number of pools: 1
2022-03-12 13:14:33 0 [Note] InnoDB: Using SSE2 crc32 instructions
2022-03-12 13:14:33 0 [Note] InnoDB: Initializing buffer pool, total size = 16M, instances = 1, chunk size = 16M
2022-03-12 13:14:33 0 [Note] InnoDB: Completed initialization of buffer pool
2022-03-12 13:14:33 0 [Note] InnoDB: Starting crash recovery from checkpoint LSN=300288
2022-03-12 13:14:33 0 [Note] InnoDB: 128 out of 128 rollback segments are active.
2022-03-12 13:14:33 0 [Note] InnoDB: Removed temporary tablespace data file: "ibtmp1"
2022-03-12 13:14:33 0 [Note] InnoDB: Creating shared tablespace for temporary tables
2022-03-12 13:14:33 0 [Note] InnoDB: Setting file 'C:\xampp\mysql\data\ibtmp1' size to 12 MB. Physically writing the file full; Please wait ...
2022-03-12 13:14:33 0 [Note] InnoDB: File 'C:\xampp\mysql\data\ibtmp1' size is now 12 MB.
2022-03-12 13:14:33 0 [Note] InnoDB: Waiting for purge to start
2022-03-12 13:14:33 0 [Note] InnoDB: 10.4.22 started; log sequence number 300297; transaction id 170
2022-03-12 13:14:33 0 [Note] InnoDB: Loading buffer pool(s) from C:\xampp\mysql\data\ib_buffer_pool
2022-03-12 13:14:33 0 [Note] Plugin 'FEEDBACK' is disabled.
2022-03-12 13:14:33 0 [Note] Server socket created on IP: '::'.
2022-03-12 13:26:20 0 [ERROR] InnoDB: The innodb_system data file 'ibdata1' must be writable
2022-03-12 13:26:20 0 [ERROR] InnoDB: The innodb_system data file 'ibdata1' must be writable
2022-03-12 13:26:20 0 [ERROR] Plugin 'InnoDB' init function returned error.
2022-03-12 13:26:20 0 [ERROR] Plugin 'InnoDB' registration as a STORAGE ENGINE failed.
2022-03-12 13:26:20 0 [Note] Plugin 'FEEDBACK' is disabled.
2022-03-12 13:26:20 0 [ERROR] Unknown/unsupported storage engine: InnoDB
2022-03-12 13:26:20 0 [ERROR] Aborting
2022-03-12 13:26:59 0 [Note] InnoDB: Mutexes and rw_locks use Windows interlocked functions
2022-03-12 13:26:59 0 [Note] InnoDB: Uses event mutexes
2022-03-12 13:26:59 0 [Note] InnoDB: Compressed tables use zlib 1.2.11
2022-03-12 13:26:59 0 [Note] InnoDB: Number of pools: 1
2022-03-12 13:26:59 0 [Note] InnoDB: Using SSE2 crc32 instructions
2022-03-12 13:26:59 0 [Note] InnoDB: Initializing buffer pool, total size = 16M, instances = 1, chunk size = 16M
2022-03-12 13:26:59 0 [Note] InnoDB: Completed initialization of buffer pool
2022-03-12 13:26:59 0 [Note] InnoDB: Starting crash recovery from checkpoint LSN=304967
2022-03-12 13:27:00 0 [Note] InnoDB: 128 out of 128 rollback segments are active.
2022-03-12 13:27:00 0 [Note] InnoDB: Removed temporary tablespace data file: "ibtmp1"
2022-03-12 13:27:00 0 [Note] InnoDB: Creating shared tablespace for temporary tables
2022-03-12 13:27:00 0 [Note] InnoDB: Setting file 'C:\xampp\mysql\data\ibtmp1' size to 12 MB. Physically writing the file full; Please wait ...
2022-03-12 13:27:00 0 [Note] InnoDB: File 'C:\xampp\mysql\data\ibtmp1' size is now 12 MB.
2022-03-12 13:27:00 0 [Note] InnoDB: Waiting for purge to start
2022-03-12 13:27:00 0 [Note] InnoDB: 10.4.22 started; log sequence number 304976; transaction id 200
2022-03-12 13:27:00 0 [Note] InnoDB: Loading buffer pool(s) from C:\xampp\mysql\data\ib_buffer_pool
2022-03-12 13:27:00 0 [Note] Plugin 'FEEDBACK' is disabled.
2022-03-12 13:27:00 0 [Note] Server socket created on IP: '::'.
2022-03-12 13:27:00 0 [Note] InnoDB: Buffer pool(s) load completed at 220312 13:27:00
2022-03-12 13:27:00 0 [Note] Reading of all Master_info entries succeeded
2022-03-12 13:27:00 0 [Note] Added new Master_info '' to hash table
2022-03-12 13:27:00 0 [Note] mysql\bin\mysqld: ready for connections.
Version: '10.4.22-MariaDB'  socket: ''  port: 3306  mariadb.org binary distribution
2022-03-12 13:32:38 0 [Note] InnoDB: Mutexes and rw_locks use Windows interlocked functions
2022-03-12 13:32:38 0 [Note] InnoDB: Uses event mutexes
2022-03-12 13:32:38 0 [Note] InnoDB: Compressed tables use zlib 1.2.11
2022-03-12 13:32:38 0 [Note] InnoDB: Number of pools: 1
2022-03-12 13:32:38 0 [Note] InnoDB: Using SSE2 crc32 instructions
2022-03-12 13:32:38 0 [Note] InnoDB: Initializing buffer pool, total size = 16M, instances = 1, chunk size = 16M
2022-03-12 13:32:38 0 [Note] InnoDB: Completed initialization of buffer pool
2022-03-12 13:32:38 0 [Note] InnoDB: Starting crash recovery from checkpoint LSN=304985
2022-03-12 13:32:38 0 [Note] InnoDB: 128 out of 128 rollback segments are active.
2022-03-12 13:32:38 0 [Note] InnoDB: Removed temporary tablespace data file: "ibtmp1"
2022-03-12 13:32:38 0 [Note] InnoDB: Creating shared tablespace for temporary tables
2022-03-12 13:32:38 0 [Note] InnoDB: Setting file 'C:\xampp\mysql\data\ibtmp1' size to 12 MB. Physically writing the file full; Please wait ...
2022-03-12 13:32:38 0 [Note] InnoDB: File 'C:\xampp\mysql\data\ibtmp1' size is now 12 MB.
2022-03-12 13:32:38 0 [Note] InnoDB: Waiting for purge to start
2022-03-12 13:32:38 0 [Note] InnoDB: 10.4.22 started; log sequence number 304994; transaction id 200
2022-03-12 13:32:38 0 [Note] InnoDB: Loading buffer pool(s) from C:\xampp\mysql\data\ib_buffer_pool
2022-03-12 13:32:38 0 [Note] Plugin 'FEEDBACK' is disabled.
2022-03-12 13:32:38 0 [Note] Server socket created on IP: '::'.
2022-03-12 15:03:22 0 [Note] mysqld.exe: Aria engine: starting recovery
recovered pages: 0% 10% 30% 44% 54% 67% 77% 91% 100% (0.0 seconds); tables to flush: 2 1 0
 (0.0 seconds); 
2022-03-12 15:03:22 0 [Note] mysqld.exe: Aria engine: recovery done
2022-03-12 15:03:22 0 [Note] InnoDB: Mutexes and rw_locks use Windows interlocked functions
2022-03-12 15:03:22 0 [Note] InnoDB: Uses event mutexes
2022-03-12 15:03:22 0 [Note] InnoDB: Compressed tables use zlib 1.2.11
2022-03-12 15:03:22 0 [Note] InnoDB: Number of pools: 1
2022-03-12 15:03:22 0 [Note] InnoDB: Using SSE2 crc32 instructions
2022-03-12 15:03:22 0 [Note] InnoDB: Initializing buffer pool, total size = 16M, instances = 1, chunk size = 16M
2022-03-12 15:03:22 0 [Note] InnoDB: Completed initialization of buffer pool
2022-03-12 15:03:22 0 [Note] InnoDB: Starting crash recovery from checkpoint LSN=371865
2022-03-12 15:03:23 0 [Note] InnoDB: 128 out of 128 rollback segments are active.
2022-03-12 15:03:23 0 [Note] InnoDB: Removed temporary tablespace data file: "ibtmp1"
2022-03-12 15:03:23 0 [Note] InnoDB: Creating shared tablespace for temporary tables
2022-03-12 15:03:23 0 [Note] InnoDB: Setting file 'C:\xampp\mysql\data\ibtmp1' size to 12 MB. Physically writing the file full; Please wait ...
2022-03-12 15:03:23 0 [Note] InnoDB: File 'C:\xampp\mysql\data\ibtmp1' size is now 12 MB.
2022-03-12 15:03:23 0 [Note] InnoDB: Waiting for purge to start
2022-03-12 15:03:23 0 [Note] InnoDB: 10.4.22 started; log sequence number 371874; transaction id 359
2022-03-12 15:03:23 0 [Note] InnoDB: Loading buffer pool(s) from C:\xampp\mysql\data\ib_buffer_pool
2022-03-12 15:03:23 0 [Note] Plugin 'FEEDBACK' is disabled.
2022-03-12 15:03:23 0 [Note] Server socket created on IP: '::'.
2022-03-12 16:33:19 0 [Note] InnoDB: Mutexes and rw_locks use Windows interlocked functions
2022-03-12 16:33:19 0 [Note] InnoDB: Uses event mutexes
2022-03-12 16:33:19 0 [Note] InnoDB: Compressed tables use zlib 1.2.11
2022-03-12 16:33:19 0 [Note] InnoDB: Number of pools: 1
2022-03-12 16:33:19 0 [Note] InnoDB: Using SSE2 crc32 instructions
2022-03-12 16:33:19 0 [Note] InnoDB: Initializing buffer pool, total size = 16M, instances = 1, chunk size = 16M
2022-03-12 16:33:19 0 [Note] InnoDB: Completed initialization of buffer pool
2022-03-12 16:33:19 0 [Note] InnoDB: Starting crash recovery from checkpoint LSN=443490
2022-03-12 16:33:19 0 [Note] InnoDB: 128 out of 128 rollback segments are active.
2022-03-12 16:33:19 0 [Note] InnoDB: Removed temporary tablespace data file: "ibtmp1"
2022-03-12 16:33:19 0 [Note] InnoDB: Creating shared tablespace for temporary tables
2022-03-12 16:33:19 0 [Note] InnoDB: Setting file 'C:\xampp\mysql\data\ibtmp1' size to 12 MB. Physically writing the file full; Please wait ...
2022-03-12 16:33:19 0 [Note] InnoDB: File 'C:\xampp\mysql\data\ibtmp1' size is now 12 MB.
2022-03-12 16:33:19 0 [Note] InnoDB: Waiting for purge to start
2022-03-12 16:33:19 0 [Note] InnoDB: 10.4.22 started; log sequence number 443499; transaction id 458
2022-03-12 16:33:19 0 [Note] InnoDB: Loading buffer pool(s) from C:\xampp\mysql\data\ib_buffer_pool
2022-03-12 16:33:19 0 [Note] Plugin 'FEEDBACK' is disabled.
2022-03-12 16:33:19 0 [Note] Server socket created on IP: '::'.
2022-03-12 17:18:18 0 [Note] InnoDB: Mutexes and rw_locks use Windows interlocked functions
2022-03-12 17:18:18 0 [Note] InnoDB: Uses event mutexes
2022-03-12 17:18:18 0 [Note] InnoDB: Compressed tables use zlib 1.2.11
2022-03-12 17:18:18 0 [Note] InnoDB: Number of pools: 1
2022-03-12 17:18:18 0 [Note] InnoDB: Using SSE2 crc32 instructions
2022-03-12 17:18:18 0 [Note] InnoDB: Initializing buffer pool, total size = 16M, instances = 1, chunk size = 16M
2022-03-12 17:18:18 0 [Note] InnoDB: Completed initialization of buffer pool
2022-03-12 17:18:18 0 [Note] InnoDB: Starting crash recovery from checkpoint LSN=523412
2022-03-12 17:18:18 0 [Note] InnoDB: 128 out of 128 rollback segments are active.
2022-03-12 17:18:18 0 [Note] InnoDB: Removed temporary tablespace data file: "ibtmp1"
2022-03-12 17:18:18 0 [Note] InnoDB: Creating shared tablespace for temporary tables
2022-03-12 17:18:18 0 [Note] InnoDB: Setting file 'C:\xampp\mysql\data\ibtmp1' size to 12 MB. Physically writing the file full; Please wait ...
2022-03-12 17:18:18 0 [Note] InnoDB: File 'C:\xampp\mysql\data\ibtmp1' size is now 12 MB.
2022-03-12 17:18:18 0 [Note] InnoDB: Waiting for purge to start
2022-03-12 17:18:18 0 [Note] InnoDB: 10.4.22 started; log sequence number 523421; transaction id 556
2022-03-12 17:18:18 0 [Note] InnoDB: Loading buffer pool(s) from C:\xampp\mysql\data\ib_buffer_pool
2022-03-12 17:18:18 0 [Note] Plugin 'FEEDBACK' is disabled.
2022-03-12 17:18:18 0 [Note] Server socket created on IP: '::'.
2022-03-12 17:20:00 0 [Note] InnoDB: Mutexes and rw_locks use Windows interlocked functions
2022-03-12 17:20:00 0 [Note] InnoDB: Uses event mutexes
2022-03-12 17:20:00 0 [Note] InnoDB: Compressed tables use zlib 1.2.11
2022-03-12 17:20:00 0 [Note] InnoDB: Number of pools: 1
2022-03-12 17:20:00 0 [Note] InnoDB: Using SSE2 crc32 instructions
2022-03-12 17:20:00 0 [Note] InnoDB: Initializing buffer pool, total size = 16M, instances = 1, chunk size = 16M
2022-03-12 17:20:00 0 [Note] InnoDB: Completed initialization of buffer pool
2022-03-12 17:20:00 0 [Note] InnoDB: Starting crash recovery from checkpoint LSN=523430
2022-03-12 17:20:00 0 [Note] InnoDB: 128 out of 128 rollback segments are active.
2022-03-12 17:20:00 0 [Note] InnoDB: Removed temporary tablespace data file: "ibtmp1"
2022-03-12 17:20:00 0 [Note] InnoDB: Creating shared tablespace for temporary tables
2022-03-12 17:20:00 0 [Note] InnoDB: Setting file 'C:\xampp\mysql\data\ibtmp1' size to 12 MB. Physically writing the file full; Please wait ...
2022-03-12 17:20:00 0 [Note] InnoDB: File 'C:\xampp\mysql\data\ibtmp1' size is now 12 MB.
2022-03-12 17:20:00 0 [Note] InnoDB: Waiting for purge to start
2022-03-12 17:20:00 0 [Note] InnoDB: 10.4.22 started; log sequence number 523439; transaction id 556
2022-03-12 17:20:00 0 [Note] InnoDB: Loading buffer pool(s) from C:\xampp\mysql\data\ib_buffer_pool
2022-03-12 17:20:00 0 [Note] Plugin 'FEEDBACK' is disabled.
2022-03-12 17:20:00 0 [Note] Server socket created on IP: '::'.
2022-03-12 17:21:17 0 [Note] InnoDB: Mutexes and rw_locks use Windows interlocked functions
2022-03-12 17:21:17 0 [Note] InnoDB: Uses event mutexes
2022-03-12 17:21:17 0 [Note] InnoDB: Compressed tables use zlib 1.2.11
2022-03-12 17:21:17 0 [Note] InnoDB: Number of pools: 1
2022-03-12 17:21:17 0 [Note] InnoDB: Using SSE2 crc32 instructions
2022-03-12 17:21:17 0 [Note] InnoDB: Initializing buffer pool, total size = 16M, instances = 1, chunk size = 16M
2022-03-12 17:21:17 0 [Note] InnoDB: Completed initialization of buffer pool
2022-03-12 17:21:17 0 [Note] InnoDB: Starting crash recovery from checkpoint LSN=523448
2022-03-12 17:21:17 0 [Note] InnoDB: 128 out of 128 rollback segments are active.
2022-03-12 17:21:17 0 [Note] InnoDB: Removed temporary tablespace data file: "ibtmp1"
2022-03-12 17:21:17 0 [Note] InnoDB: Creating shared tablespace for temporary tables
2022-03-12 17:21:17 0 [Note] InnoDB: Setting file 'C:\xampp\mysql\data\ibtmp1' size to 12 MB. Physically writing the file full; Please wait ...
2022-03-12 17:21:17 0 [Note] InnoDB: File 'C:\xampp\mysql\data\ibtmp1' size is now 12 MB.
2022-03-12 17:21:17 0 [Note] InnoDB: Waiting for purge to start
2022-03-12 17:21:17 0 [Note] InnoDB: 10.4.22 started; log sequence number 523457; transaction id 556
2022-03-12 17:21:17 0 [Note] InnoDB: Loading buffer pool(s) from C:\xampp\mysql\data\ib_buffer_pool
2022-03-12 17:21:17 0 [Note] Plugin 'FEEDBACK' is disabled.
2022-03-12 17:21:17 0 [Note] Server socket created on IP: '::'.
2022-03-12 17:22:25 0 [Note] InnoDB: Mutexes and rw_locks use Windows interlocked functions
2022-03-12 17:22:25 0 [Note] InnoDB: Uses event mutexes
2022-03-12 17:22:25 0 [Note] InnoDB: Compressed tables use zlib 1.2.11
2022-03-12 17:22:25 0 [Note] InnoDB: Number of pools: 1
2022-03-12 17:22:25 0 [Note] InnoDB: Using SSE2 crc32 instructions
2022-03-12 17:22:25 0 [Note] InnoDB: Initializing buffer pool, total size = 16M, instances = 1, chunk size = 16M
2022-03-12 17:22:25 0 [Note] InnoDB: Completed initialization of buffer pool
2022-03-12 17:22:25 0 [Note] InnoDB: Starting crash recovery from checkpoint LSN=523466
2022-03-12 17:22:25 0 [Note] InnoDB: 128 out of 128 rollback segments are active.
2022-03-12 17:22:25 0 [Note] InnoDB: Removed temporary tablespace data file: "ibtmp1"
2022-03-12 17:22:25 0 [Note] InnoDB: Creating shared tablespace for temporary tables
2022-03-12 17:22:25 0 [Note] InnoDB: Setting file 'C:\xampp\mysql\data\ibtmp1' size to 12 MB. Physically writing the file full; Please wait ...
2022-03-12 17:22:25 0 [Note] InnoDB: File 'C:\xampp\mysql\data\ibtmp1' size is now 12 MB.
2022-03-12 17:22:25 0 [Note] InnoDB: Waiting for purge to start
2022-03-12 17:22:25 0 [Note] InnoDB: 10.4.22 started; log sequence number 523475; transaction id 556
2022-03-12 17:22:25 0 [Note] InnoDB: Loading buffer pool(s) from C:\xampp\mysql\data\ib_buffer_pool
2022-03-12 17:22:25 0 [Note] Plugin 'FEEDBACK' is disabled.
2022-03-12 17:22:25 0 [Note] Server socket created on IP: '::'.
2022-03-13 13:23:07 0 [Note] InnoDB: Mutexes and rw_locks use Windows interlocked functions
2022-03-13 13:23:07 0 [Note] InnoDB: Uses event mutexes
2022-03-13 13:23:07 0 [Note] InnoDB: Compressed tables use zlib 1.2.11
2022-03-13 13:23:07 0 [Note] InnoDB: Number of pools: 1
2022-03-13 13:23:07 0 [Note] InnoDB: Using SSE2 crc32 instructions
2022-03-13 13:23:07 0 [Note] InnoDB: Initializing buffer pool, total size = 16M, instances = 1, chunk size = 16M
2022-03-13 13:23:07 0 [Note] InnoDB: Completed initialization of buffer pool
2022-03-13 13:23:07 0 [Note] InnoDB: Starting crash recovery from checkpoint LSN=851997
2022-03-13 13:23:07 0 [Note] InnoDB: 128 out of 128 rollback segments are active.
2022-03-13 13:23:07 0 [Note] InnoDB: Removed temporary tablespace data file: "ibtmp1"
2022-03-13 13:23:07 0 [Note] InnoDB: Creating shared tablespace for temporary tables
2022-03-13 13:23:07 0 [Note] InnoDB: Setting file 'C:\xampp\mysql\data\ibtmp1' size to 12 MB. Physically writing the file full; Please wait ...
2022-03-13 13:23:07 0 [Note] InnoDB: File 'C:\xampp\mysql\data\ibtmp1' size is now 12 MB.
2022-03-13 13:23:07 0 [Note] InnoDB: Waiting for purge to start
2022-03-13 13:23:07 0 [Note] InnoDB: 10.4.22 started; log sequence number 852006; transaction id 981
2022-03-13 13:23:07 0 [Note] InnoDB: Loading buffer pool(s) from C:\xampp\mysql\data\ib_buffer_pool
2022-03-13 13:23:07 0 [Note] Plugin 'FEEDBACK' is disabled.
2022-03-13 13:23:07 0 [Note] InnoDB: Buffer pool(s) load completed at 220313 13:23:07
2022-03-13 13:23:07 0 [Note] Server socket created on IP: '::'.
2022-03-13 14:14:31 0 [Note] InnoDB: Mutexes and rw_locks use Windows interlocked functions
2022-03-13 14:14:31 0 [Note] InnoDB: Uses event mutexes
2022-03-13 14:14:31 0 [Note] InnoDB: Compressed tables use zlib 1.2.11
2022-03-13 14:14:31 0 [Note] InnoDB: Number of pools: 1
2022-03-13 14:14:31 0 [Note] InnoDB: Using SSE2 crc32 instructions
2022-03-13 14:14:31 0 [Note] InnoDB: Initializing buffer pool, total size = 16M, instances = 1, chunk size = 16M
2022-03-13 14:14:31 0 [Note] InnoDB: Completed initialization of buffer pool
2022-03-13 14:14:31 0 [Note] InnoDB: Starting crash recovery from checkpoint LSN=1339975
2022-03-13 14:14:31 0 [Note] InnoDB: 128 out of 128 rollback segments are active.
2022-03-13 14:14:31 0 [Note] InnoDB: Removed temporary tablespace data file: "ibtmp1"
2022-03-13 14:14:31 0 [Note] InnoDB: Creating shared tablespace for temporary tables
2022-03-13 14:14:31 0 [Note] InnoDB: Setting file 'C:\xampp\mysql\data\ibtmp1' size to 12 MB. Physically writing the file full; Please wait ...
2022-03-13 14:14:31 0 [Note] InnoDB: File 'C:\xampp\mysql\data\ibtmp1' size is now 12 MB.
2022-03-13 14:14:31 0 [Note] InnoDB: Waiting for purge to start
2022-03-13 14:14:31 0 [Note] InnoDB: 10.4.22 started; log sequence number 1339984; transaction id 1709
2022-03-13 14:14:31 0 [Note] InnoDB: Loading buffer pool(s) from C:\xampp\mysql\data\ib_buffer_pool
2022-03-13 14:14:31 0 [Note] Plugin 'FEEDBACK' is disabled.
2022-03-13 14:14:31 0 [Note] Server socket created on IP: '::'.
2022-03-13 14:59:27 0 [ERROR] InnoDB: The innodb_system data file 'ibdata1' must be writable
2022-03-13 14:59:27 0 [ERROR] InnoDB: The innodb_system data file 'ibdata1' must be writable
2022-03-13 14:59:27 0 [ERROR] Plugin 'InnoDB' init function returned error.
2022-03-13 14:59:27 0 [ERROR] Plugin 'InnoDB' registration as a STORAGE ENGINE failed.
2022-03-13 14:59:27 0 [Note] Plugin 'FEEDBACK' is disabled.
2022-03-13 14:59:27 0 [ERROR] Unknown/unsupported storage engine: InnoDB
2022-03-13 14:59:27 0 [ERROR] Aborting
2022-03-13 15:01:01 0 [Note] InnoDB: Mutexes and rw_locks use Windows interlocked functions
2022-03-13 15:01:01 0 [Note] InnoDB: Uses event mutexes
2022-03-13 15:01:01 0 [Note] InnoDB: Compressed tables use zlib 1.2.11
2022-03-13 15:01:01 0 [Note] InnoDB: Number of pools: 1
2022-03-13 15:01:01 0 [Note] InnoDB: Using SSE2 crc32 instructions
2022-03-13 15:01:01 0 [Note] InnoDB: Initializing buffer pool, total size = 16M, instances = 1, chunk size = 16M
2022-03-13 15:01:01 0 [Note] InnoDB: Completed initialization of buffer pool
2022-03-13 15:01:01 0 [Note] InnoDB: Starting crash recovery from checkpoint LSN=1459924
2022-03-13 15:01:01 0 [Note] InnoDB: 128 out of 128 rollback segments are active.
2022-03-13 15:01:01 0 [Note] InnoDB: Removed temporary tablespace data file: "ibtmp1"
2022-03-13 15:01:01 0 [Note] InnoDB: Creating shared tablespace for temporary tables
2022-03-13 15:01:01 0 [Note] InnoDB: Setting file 'C:\xampp\mysql\data\ibtmp1' size to 12 MB. Physically writing the file full; Please wait ...
2022-03-13 15:01:01 0 [Note] InnoDB: File 'C:\xampp\mysql\data\ibtmp1' size is now 12 MB.
2022-03-13 15:01:01 0 [Note] InnoDB: Waiting for purge to start
2022-03-13 15:01:01 0 [Note] InnoDB: 10.4.22 started; log sequence number 1459933; transaction id 1949
2022-03-13 15:01:01 0 [Note] InnoDB: Loading buffer pool(s) from C:\xampp\mysql\data\ib_buffer_pool
2022-03-13 15:01:01 0 [Note] Plugin 'FEEDBACK' is disabled.
2022-03-13 15:01:01 0 [Note] Server socket created on IP: '::'.
2022-03-13 16:16:39 0 [Note] InnoDB: Mutexes and rw_locks use Windows interlocked functions
2022-03-13 16:16:39 0 [Note] InnoDB: Uses event mutexes
2022-03-13 16:16:39 0 [Note] InnoDB: Compressed tables use zlib 1.2.11
2022-03-13 16:16:39 0 [Note] InnoDB: Number of pools: 1
2022-03-13 16:16:39 0 [Note] InnoDB: Using SSE2 crc32 instructions
2022-03-13 16:16:39 0 [Note] InnoDB: Initializing buffer pool, total size = 16M, instances = 1, chunk size = 16M
2022-03-13 16:16:39 0 [Note] InnoDB: Completed initialization of buffer pool
2022-03-13 16:16:40 0 [Note] InnoDB: Starting crash recovery from checkpoint LSN=1464373
2022-03-13 16:16:40 0 [Note] InnoDB: 128 out of 128 rollback segments are active.
2022-03-13 16:16:40 0 [Note] InnoDB: Removed temporary tablespace data file: "ibtmp1"
2022-03-13 16:16:40 0 [Note] InnoDB: Creating shared tablespace for temporary tables
2022-03-13 16:16:40 0 [Note] InnoDB: Setting file 'C:\xampp\mysql\data\ibtmp1' size to 12 MB. Physically writing the file full; Please wait ...
2022-03-13 16:16:40 0 [Note] InnoDB: File 'C:\xampp\mysql\data\ibtmp1' size is now 12 MB.
2022-03-13 16:16:40 0 [Note] InnoDB: Waiting for purge to start
2022-03-13 16:16:40 0 [Note] InnoDB: 10.4.22 started; log sequence number 1464382; transaction id 1973
2022-03-13 16:16:40 0 [Note] InnoDB: Loading buffer pool(s) from C:\xampp\mysql\data\ib_buffer_pool
2022-03-13 16:16:40 0 [Note] Plugin 'FEEDBACK' is disabled.
2022-03-13 16:16:40 0 [Note] Server socket created on IP: '::'.
2022-03-13 17:29:54 0 [Note] InnoDB: Mutexes and rw_locks use Windows interlocked functions
2022-03-13 17:29:54 0 [Note] InnoDB: Uses event mutexes
2022-03-13 17:29:54 0 [Note] InnoDB: Compressed tables use zlib 1.2.11
2022-03-13 17:29:54 0 [Note] InnoDB: Number of pools: 1
2022-03-13 17:29:54 0 [Note] InnoDB: Using SSE2 crc32 instructions
2022-03-13 17:29:54 0 [Note] InnoDB: Initializing buffer pool, total size = 16M, instances = 1, chunk size = 16M
2022-03-13 17:29:54 0 [Note] InnoDB: Completed initialization of buffer pool
2022-03-13 17:29:54 0 [Note] InnoDB: Starting crash recovery from checkpoint LSN=1468908
2022-03-13 17:29:54 0 [Note] InnoDB: 128 out of 128 rollback segments are active.
2022-03-13 17:29:54 0 [Note] InnoDB: Removed temporary tablespace data file: "ibtmp1"
2022-03-13 17:29:54 0 [Note] InnoDB: Creating shared tablespace for temporary tables
2022-03-13 17:29:54 0 [Note] InnoDB: Setting file 'C:\xampp\mysql\data\ibtmp1' size to 12 MB. Physically writing the file full; Please wait ...
2022-03-13 17:29:54 0 [Note] InnoDB: File 'C:\xampp\mysql\data\ibtmp1' size is now 12 MB.
2022-03-13 17:29:54 0 [Note] InnoDB: Waiting for purge to start
2022-03-13 17:29:54 0 [Note] InnoDB: 10.4.22 started; log sequence number 1468917; transaction id 1988
2022-03-13 17:29:54 0 [Note] InnoDB: Loading buffer pool(s) from C:\xampp\mysql\data\ib_buffer_pool
2022-03-13 17:29:54 0 [Note] Plugin 'FEEDBACK' is disabled.
2022-03-13 17:29:54 0 [Note] Server socket created on IP: '::'.
2022-03-14 12:19:54 0 [Note] InnoDB: Mutexes and rw_locks use Windows interlocked functions
2022-03-14 12:19:54 0 [Note] InnoDB: Uses event mutexes
2022-03-14 12:19:54 0 [Note] InnoDB: Compressed tables use zlib 1.2.11
2022-03-14 12:19:54 0 [Note] InnoDB: Number of pools: 1
2022-03-14 12:19:54 0 [Note] InnoDB: Using SSE2 crc32 instructions
2022-03-14 12:19:54 0 [Note] InnoDB: Initializing buffer pool, total size = 16M, instances = 1, chunk size = 16M
2022-03-14 12:19:54 0 [Note] InnoDB: Completed initialization of buffer pool
2022-03-14 12:19:54 0 [Note] InnoDB: Starting crash recovery from checkpoint LSN=1470592
2022-03-14 12:19:54 0 [Note] InnoDB: 128 out of 128 rollback segments are active.
2022-03-14 12:19:54 0 [Note] InnoDB: Removed temporary tablespace data file: "ibtmp1"
2022-03-14 12:19:54 0 [Note] InnoDB: Creating shared tablespace for temporary tables
2022-03-14 12:19:54 0 [Note] InnoDB: Setting file 'C:\xampp\mysql\data\ibtmp1' size to 12 MB. Physically writing the file full; Please wait ...
2022-03-14 12:19:54 0 [Note] InnoDB: File 'C:\xampp\mysql\data\ibtmp1' size is now 12 MB.
2022-03-14 12:19:54 0 [Note] InnoDB: Waiting for purge to start
2022-03-14 12:19:54 0 [Note] InnoDB: 10.4.22 started; log sequence number 1470601; transaction id 2001
2022-03-14 12:19:54 0 [Note] InnoDB: Loading buffer pool(s) from C:\xampp\mysql\data\ib_buffer_pool
2022-03-14 12:19:54 0 [Note] Plugin 'FEEDBACK' is disabled.
2022-03-14 12:19:54 0 [Note] InnoDB: Buffer pool(s) load completed at 220314 12:19:54
2022-03-14 12:19:54 0 [Note] Server socket created on IP: '::'.
2022-03-14 12:29:34 0 [Note] InnoDB: Mutexes and rw_locks use Windows interlocked functions
2022-03-14 12:29:34 0 [Note] InnoDB: Uses event mutexes
2022-03-14 12:29:34 0 [Note] InnoDB: Compressed tables use zlib 1.2.11
2022-03-14 12:29:34 0 [Note] InnoDB: Number of pools: 1
2022-03-14 12:29:34 0 [Note] InnoDB: Using SSE2 crc32 instructions
2022-03-14 12:29:34 0 [Note] InnoDB: Initializing buffer pool, total size = 16M, instances = 1, chunk size = 16M
2022-03-14 12:29:34 0 [Note] InnoDB: Completed initialization of buffer pool
2022-03-14 12:29:34 0 [Note] InnoDB: Starting crash recovery from checkpoint LSN=1476985
2022-03-14 12:29:34 0 [Note] InnoDB: 128 out of 128 rollback segments are active.
2022-03-14 12:29:34 0 [Note] InnoDB: Removed temporary tablespace data file: "ibtmp1"
2022-03-14 12:29:34 0 [Note] InnoDB: Creating shared tablespace for temporary tables
2022-03-14 12:29:34 0 [Note] InnoDB: Setting file 'C:\xampp\mysql\data\ibtmp1' size to 12 MB. Physically writing the file full; Please wait ...
2022-03-14 12:29:34 0 [Note] InnoDB: File 'C:\xampp\mysql\data\ibtmp1' size is now 12 MB.
2022-03-14 12:29:34 0 [Note] InnoDB: Waiting for purge to start
2022-03-14 12:29:34 0 [Note] InnoDB: 10.4.22 started; log sequence number 1476994; transaction id 2037
2022-03-14 12:29:34 0 [Note] InnoDB: Loading buffer pool(s) from C:\xampp\mysql\data\ib_buffer_pool
2022-03-14 12:29:34 0 [Note] Plugin 'FEEDBACK' is disabled.
2022-03-14 12:29:34 0 [Note] Server socket created on IP: '::'.
2022-03-14 13:32:57 0 [Note] InnoDB: Mutexes and rw_locks use Windows interlocked functions
2022-03-14 13:32:57 0 [Note] InnoDB: Uses event mutexes
2022-03-14 13:32:57 0 [Note] InnoDB: Compressed tables use zlib 1.2.11
2022-03-14 13:32:57 0 [Note] InnoDB: Number of pools: 1
2022-03-14 13:32:57 0 [Note] InnoDB: Using SSE2 crc32 instructions
2022-03-14 13:32:57 0 [Note] InnoDB: Initializing buffer pool, total size = 16M, instances = 1, chunk size = 16M
2022-03-14 13:32:57 0 [Note] InnoDB: Completed initialization of buffer pool
2022-03-14 13:32:57 0 [Note] InnoDB: Starting crash recovery from checkpoint LSN=1573473
2022-03-14 13:32:57 0 [Note] InnoDB: 128 out of 128 rollback segments are active.
2022-03-14 13:32:57 0 [Note] InnoDB: Removed temporary tablespace data file: "ibtmp1"
2022-03-14 13:32:57 0 [Note] InnoDB: Creating shared tablespace for temporary tables
2022-03-14 13:32:57 0 [Note] InnoDB: Setting file 'C:\xampp\mysql\data\ibtmp1' size to 12 MB. Physically writing the file full; Please wait ...
2022-03-14 13:32:57 0 [Note] InnoDB: File 'C:\xampp\mysql\data\ibtmp1' size is now 12 MB.
2022-03-14 13:32:57 0 [Note] InnoDB: Waiting for purge to start
2022-03-14 13:32:57 0 [Note] InnoDB: 10.4.22 started; log sequence number 1573482; transaction id 2155
2022-03-14 13:32:57 0 [Note] InnoDB: Loading buffer pool(s) from C:\xampp\mysql\data\ib_buffer_pool
2022-03-14 13:32:57 0 [Note] Plugin 'FEEDBACK' is disabled.
2022-03-14 13:32:57 0 [Note] Server socket created on IP: '::'.
2022-03-14 21:45:03 0 [Note] InnoDB: Mutexes and rw_locks use Windows interlocked functions
2022-03-14 21:45:03 0 [Note] InnoDB: Uses event mutexes
2022-03-14 21:45:03 0 [Note] InnoDB: Compressed tables use zlib 1.2.11
2022-03-14 21:45:03 0 [Note] InnoDB: Number of pools: 1
2022-03-14 21:45:03 0 [Note] InnoDB: Using SSE2 crc32 instructions
2022-03-14 21:45:03 0 [Note] InnoDB: Initializing buffer pool, total size = 16M, instances = 1, chunk size = 16M
2022-03-14 21:45:03 0 [Note] InnoDB: Completed initialization of buffer pool
2022-03-14 21:45:03 0 [Note] InnoDB: Starting crash recovery from checkpoint LSN=1573491
2022-03-14 21:45:03 0 [Note] InnoDB: 128 out of 128 rollback segments are active.
2022-03-14 21:45:03 0 [Note] InnoDB: Removed temporary tablespace data file: "ibtmp1"
2022-03-14 21:45:03 0 [Note] InnoDB: Creating shared tablespace for temporary tables
2022-03-14 21:45:03 0 [Note] InnoDB: Setting file 'C:\xampp\mysql\data\ibtmp1' size to 12 MB. Physically writing the file full; Please wait ...
2022-03-14 21:45:03 0 [Note] InnoDB: File 'C:\xampp\mysql\data\ibtmp1' size is now 12 MB.
2022-03-14 21:45:03 0 [Note] InnoDB: Waiting for purge to start
2022-03-14 21:45:03 0 [Note] InnoDB: 10.4.22 started; log sequence number 1573500; transaction id 2155
2022-03-14 21:45:03 0 [Note] InnoDB: Loading buffer pool(s) from C:\xampp\mysql\data\ib_buffer_pool
2022-03-14 21:45:03 0 [Note] Plugin 'FEEDBACK' is disabled.
2022-03-14 21:45:03 0 [Note] InnoDB: Buffer pool(s) load completed at 220314 21:45:03
2022-03-14 21:45:03 0 [Note] Server socket created on IP: '::'.
